TN:
SF:/data/eliep/vue-avatar/src/Avatar.vue
FN:11,_interopRequireDefault
FN:43,data
FN:51,background
FN:54,fontColor
FN:57,isImage
FN:60,style
FN:85,userInitial
FN:91,initial
FN:103,randomBackgroundColor
FN:106,lightenColor
FNF:10
FNH:10
FNDA:1,_interopRequireDefault
FNDA:4,data
FNDA:1,background
FNDA:1,fontColor
FNDA:2,isImage
FNDA:2,style
FNDA:1,userInitial
FNDA:12,initial
FNDA:1,randomBackgroundColor
FNDA:1,lightenColor
DA:0,1
DA:39,4
DA:50,1
DA:55,1
DA:59,2
DA:63,2
DA:71,2
DA:85,2
DA:87,2
DA:91,1
DA:97,12
DA:100,12
DA:101,38
DA:103,12
DA:104,3
DA:106,12
DA:108,12
DA:112,1
DA:117,1
DA:119,1
DA:120,1
DA:121,1
DA:124,1
DA:125,1
DA:127,1
DA:128,0
DA:130,1
DA:132,1
DA:133,0
DA:135,1
DA:137,1
DA:138,1
DA:140,1
LF:33
LH:31
BRDA:11,1,0,1
BRDA:11,1,1,0
BRDA:11,2,0,1
BRDA:11,2,1,1
BRDA:52,3,0,1
BRDA:52,3,1,1
BRDA:55,4,0,1
BRDA:55,4,1,1
BRDA:64,5,0,2
BRDA:64,5,1,0
BRDA:69,6,0,1
BRDA:69,6,1,1
BRDA:97,7,0,3
BRDA:97,7,1,9
BRDA:97,8,0,12
BRDA:97,8,1,4
BRDA:109,9,0,1
BRDA:109,9,1,0
BRDA:117,10,0,1
BRDA:117,10,1,0
BRDA:117,11,0,0
BRDA:117,11,1,0
BRDA:121,12,0,1
BRDA:121,12,1,0
BRDA:121,13,0,0
BRDA:121,13,1,0
BRDA:125,14,0,0
BRDA:125,14,1,1
BRDA:125,15,0,0
BRDA:125,15,1,1
BRDA:127,16,0,1
BRDA:127,16,1,0
BRF:32
BRH:21
end_of_record
